Arguments: 
  C:\Program Files\nodejs\node.exe C:\Users\Administrator\AppData\Roaming\npm\node_modules\yarn\bin\yarn.js add sass -D

PATH: 
  D:\phython\Scripts\;D:\phython\;C:\ProgramData\Oracle\Java\javapath;C:\Program Files\Common Files\Oracle\Java\javapath;C:\Windows\system32;C:\Windows;C:\Windows\System32\Wbem;C:\Windows\System32\WindowsPowerShell\v1.0\;C:\Windows\System32\OpenSSH\;D:\mysql\mysql-8.0.26-winx64\bin;C:\Program Files\Git\cmd;D:\MinGW\mingw64\bin;C:\Program Files\TortoiseGit\bin;C:\Program Files\nodejs\;C:\Users\Administrator\AppData\Local\Microsoft\WindowsApps;C:\Users\Administrator\AppData\Local\Programs\Microsoft VS Code\bin;C:\Users\Administrator\Desktop\yunchuang\maven\apache-maven-3.6.3\bin;%JAVA_HOME%\bin;%JAVA_HOME%\jre\bin;;D:\webStorm\598714 WebStorm win\WebStorm 2021.1.1\bin;;C:\Users\Administrator\AppData\Roaming\npm

Yarn version: 
  1.22.10

Node version: 
  16.13.0

Platform: 
  win32 x64

Trace: 
  Error: EPERM: operation not permitted, unlink 'C:\Users\Administrator\Desktop\vite_react\node_modules\esbuild-windows-64\esbuild.exe'

npm manifest: 
  {
    "name": "vite_react",
    "version": "0.0.0",
    "scripts": {
      "start": "vite --mode development",
      "build": "vite build --mode production"
    },
    "dependencies": {
      "ahooks": "^3.1.6",
      "immer": "^9.0.12",
      "lodash": "^4.17.21",
      "normalize.css": "^8.0.1",
      "react": "^17.0.2",
      "react-dom": "^17.0.2",
      "react-query": "^3.34.8",
      "react-redux": "^7.2.6",
      "react-router": "^6.2.1",
      "react-router-dom": "^6.2.1",
      "redux": "^4.1.2",
      "use-immer": "^0.6.0",
      "vite-plugin-windicss": "^1.6.3"
    },
    "devDependencies": {
      "@vitejs/plugin-react": "^1.0.7",
      "rollup-plugin-visualizer": "^5.5.4",
      "vite": "^2.7.2",
      "vite-plugin-style-import": "^1.4.1"
    }
  }

yarn manifest: 
  No manifest

Lockfile: 
  # THIS IS AN AUTOGENERATED FILE. DO NOT EDIT THIS FILE DIRECTLY.
  # yarn lockfile v1
  
  
  "@antfu/utils@^0.4.0":
    "integrity" "sha512-gqkpvjkgFUu+s3kP+Ly33OKpo5zvVY3FDFhv5BIb98SncS3KD6DNxPfNDjwHIoyXbz1leWo1j8DtRLZ1D2Jv+Q=="
    "resolved" "https://registry.npmmirror.com/@antfu/utils/download/@antfu/utils-0.4.0.tgz"
    "version" "0.4.0"
    dependencies:
      "@types/throttle-debounce" "^2.1.0"
  
  "@babel/code-frame@^7.16.7":
    "integrity" "sha512-iAXqUn8IIeBTNd72xsFlgaXHkMBMt6y4HJp1tIaK465CWLT/fG1aqB7ykr95gHHmlBdGbFeWWfyB4NJJ0nmeIg=="
    "resolved" "https://registry.npmmirror.com/@babel/code-frame/download/@babel/code-frame-7.16.7.tgz"
    "version" "7.16.7"
    dependencies:
      "@babel/highlight" "^7.16.7"
  
  "@babel/compat-data@^7.16.4":
    "integrity" "sha512-m7OkX0IdKLKPpBlJtF561YJal5y/jyI5fNfWbPxh2D/nbzzGI4qRyrD8xO2jB24u7l+5I2a43scCG2IrfjC50Q=="
    "resolved" "https://registry.npmmirror.com/@babel/compat-data/download/@babel/compat-data-7.16.8.tgz"
    "version" "7.16.8"
  
  "@babel/core@^7.0.0", "@babel/core@^7.0.0-0", "@babel/core@^7.16.5":
    "integrity" "sha512-aeLaqcqThRNZYmbMqtulsetOQZ/5gbR/dWruUCJcpas4Qoyy+QeagfDsPdMrqwsPRDNxJvBlRiZxxX7THO7qtA=="
    "resolved" "https://registry.npmmirror.com/@babel/core/download/@babel/core-7.16.7.tgz"
    "version" "7.16.7"
    dependencies:
      "@babel/code-frame" "^7.16.7"
      "@babel/generator" "^7.16.7"
      "@babel/helper-compilation-targets" "^7.16.7"
      "@babel/helper-module-transforms" "^7.16.7"
      "@babel/helpers" "^7.16.7"
      "@babel/parser" "^7.16.7"
      "@babel/template" "^7.16.7"
      "@babel/traverse" "^7.16.7"
      "@babel/types" "^7.16.7"
      "convert-source-map" "^1.7.0"
      "debug" "^4.1.0"
      "gensync" "^1.0.0-beta.2"
      "json5" "^2.1.2"
      "semver" "^6.3.0"
      "source-map" "^0.5.0"
  
  "@babel/generator@^7.16.7", "@babel/generator@^7.16.8":
    "integrity" "sha512-1ojZwE9+lOXzcWdWmO6TbUzDfqLD39CmEhN8+2cX9XkDo5yW1OpgfejfliysR2AWLpMamTiOiAp/mtroaymhpw=="
    "resolved" "https://registry.npmmirror.com/@babel/generator/download/@babel/generator-7.16.8.tgz"
    "version" "7.16.8"
    dependencies:
      "@babel/types" "^7.16.8"
      "jsesc" "^2.5.1"
      "source-map" "^0.5.0"
  
  "@babel/helper-annotate-as-pure@^7.16.7":
    "integrity" "sha512-s6t2w/IPQVTAET1HitoowRGXooX8mCgtuP5195wD/QJPV6wYjpujCGF7JuMODVX2ZAJOf1GT6DT9MHEZvLOFSw=="
    "resolved" "https://registry.npmmirror.com/@babel/helper-annotate-as-pure/download/@babel/helper-annotate-as-pure-7.16.7.tgz"
    "version" "7.16.7"
    dependencies:
      "@babel/types" "^7.16.7"
  
  "@babel/helper-compilation-targets@^7.16.7":
    "integrity" "sha512-mGojBwIWcwGD6rfqgRXVlVYmPAv7eOpIemUG3dGnDdCY4Pae70ROij3XmfrH6Fa1h1aiDylpglbZyktfzyo/hA=="
    "resolved" "https://registry.npmmirror.com/@babel/helper-compilation-targets/download/@babel/helper-compilation-targets-7.16.7.tgz"
    "version" "7.16.7"
    dependencies:
      "@babel/compat-data" "^7.16.4"
      "@babel/helper-validator-option" "^7.16.7"
      "browserslist" "^4.17.5"
      "semver" "^6.3.0"
  
  "@babel/helper-environment-visitor@^7.16.7":
    "integrity" "sha512-SLLb0AAn6PkUeAfKJCCOl9e1R53pQlGAfc4y4XuMRZfqeMYLE0dM1LMhqbGAlGQY0lfw5/ohoYWAe9V1yibRag=="
    "resolved" "https://registry.npmmirror.com/@babel/helper-environment-visitor/download/@babel/helper-environment-visitor-7.16.7.tgz"
    "version" "7.16.7"
    dependencies:
      "@babel/types" "^7.16.7"
  
  "@babel/helper-function-name@^7.16.7":
    "integrity" "sha512-QfDfEnIUyyBSR3HtrtGECuZ6DAyCkYFp7GHl75vFtTnn6pjKeK0T1DB5lLkFvBea8MdaiUABx3osbgLyInoejA=="
    "resolved" "https://registry.npmmirror.com/@babel/helper-function-name/download/@babel/helper-function-name-7.16.7.tgz"
    "version" "7.16.7"
    dependencies:
      "@babel/helper-get-function-arity" "^7.16.7"
      "@babel/template" "^7.16.7"
      "@babel/types" "^7.16.7"
  
  "@babel/helper-get-function-arity@^7.16.7":
    "integrity" "sha512-flc+RLSOBXzNzVhcLu6ujeHUrD6tANAOU5ojrRx/as+tbzf8+stUCj7+IfRRoAbEZqj/ahXEMsjhOhgeZsrnTw=="
    "resolved" "https://registry.npmmirror.com/@babel/helper-get-function-arity/download/@babel/helper-get-function-arity-7.16.7.tgz"
    "version" "7.16.7"
    dependencies:
      "@babel/types" "^7.16.7"
  
  "@babel/helper-hoist-variables@^7.16.7":
    "integrity" "sha512-m04d/0Op34H5v7pbZw6pSKP7weA6lsMvfiIAMeIvkY/R4xQtBSMFEigu9QTZ2qB/9l22vsxtM8a+Q8CzD255fg=="
    "resolved" "https://registry.npmmirror.com/@babel/helper-hoist-variables/download/@babel/helper-hoist-variables-7.16.7.tgz"
    "version" "7.16.7"
    dependencies:
      "@babel/types" "^7.16.7"
  
  "@babel/helper-module-imports@^7.16.7":
    "integrity" "sha512-LVtS6TqjJHFc+nYeITRo6VLXve70xmq7wPhWTqDJusJEgGmkAACWwMiTNrvfoQo6hEhFwAIixNkvB0jPXDL8Wg=="
    "resolved" "https://registry.npmmirror.com/@babel/helper-module-imports/download/@babel/helper-module-imports-7.16.7.tgz"
    "version" "7.16.7"
    dependencies:
      "@babel/types" "^7.16.7"
  
  "@babel/helper-module-transforms@^7.16.7":
    "integrity" "sha512-gaqtLDxJEFCeQbYp9aLAefjhkKdjKcdh6DB7jniIGU3Pz52WAmP268zK0VgPz9hUNkMSYeH976K2/Y6yPadpng=="
    "resolved" "https://registry.npmmirror.com/@babel/helper-module-transforms/download/@babel/helper-module-transforms-7.16.7.tgz"
    "version" "7.16.7"
    dependencies:
      "@babel/helper-environment-visitor" "^7.16.7"
      "@babel/helper-module-imports" "^7.16.7"
      "@babel/helper-simple-access" "^7.16.7"
      "@babel/helper-split-export-declaration" "^7.16.7"
      "@babel/helper-validator-identifier" "^7.16.7"
      "@babel/template" "^7.16.7"
      "@babel/traverse" "^7.16.7"
      "@babel/types" "^7.16.7"
  
  "@babel/helper-plugin-utils@^7.16.7":
    "integrity" "sha512-Qg3Nk7ZxpgMrsox6HreY1ZNKdBq7K72tDSliA6dCl5f007jR4ne8iD5UzuNnCJH2xBf2BEEVGr+/OL6Gdp7RxA=="
    "resolved" "https://registry.npmmirror.com/@babel/helper-plugin-utils/download/@babel/helper-plugin-utils-7.16.7.tgz"
    "version" "7.16.7"
  
  "@babel/helper-simple-access@^7.16.7":
    "integrity" "sha512-ZIzHVyoeLMvXMN/vok/a4LWRy8G2v205mNP0XOuf9XRLyX5/u9CnVulUtDgUTama3lT+bf/UqucuZjqiGuTS1g=="
    "resolved" "https://registry.npmmirror.com/@babel/helper-simple-access/download/@babel/helper-simple-access-7.16.7.tgz"
    "version" "7.16.7"
    dependencies:
      "@babel/types" "^7.16.7"
  
  "@babel/helper-split-export-declaration@^7.16.7":
    "integrity" "sha512-xbWoy/PFoxSWazIToT9Sif+jJTlrMcndIsaOKvTA6u7QEo7ilkRZpjew18/W3c7nm8fXdUDXh02VXTbZ0pGDNw=="
    "resolved" "https://registry.npmmirror.com/@babel/helper-split-export-declaration/download/@babel/helper-split-export-declaration-7.16.7.tgz"
    "version" "7.16.7"
    dependencies:
      "@babel/types" "^7.16.7"
  
  "@babel/helper-validator-identifier@^7.16.7":
    "integrity" "sha512-hsEnFemeiW4D08A5gUAZxLBTXpZ39P+a+DGDsHw1yxqyQ/jzFEnxf5uTEGp+3bzAbNOxU1paTgYS4ECU/IgfDw=="
    "resolved" "https://registry.npmmirror.com/@babel/helper-validator-identifier/download/@babel/helper-validator-identifier-7.16.7.tgz"
    "version" "7.16.7"
  
  "@babel/helper-validator-option@^7.16.7":
    "integrity" "sha512-TRtenOuRUVo9oIQGPC5G9DgK4743cdxvtOw0weQNpZXaS16SCBi5MNjZF8vba3ETURjZpTbVn7Vvcf2eAwFozQ=="
    "resolved" "https://registry.npmmirror.com/@babel/helper-validator-option/download/@babel/helper-validator-option-7.16.7.tgz"
    "version" "7.16.7"
  
  "@babel/helpers@^7.16.7":
    "integrity" "sha512-9ZDoqtfY7AuEOt3cxchfii6C7GDyyMBffktR5B2jvWv8u2+efwvpnVKXMWzNehqy68tKgAfSwfdw/lWpthS2bw=="
    "resolved" "https://registry.npmmirror.com/@babel/helpers/download/@babel/helpers-7.16.7.tgz"
    "version" "7.16.7"
    dependencies:
      "@babel/template" "^7.16.7"
      "@babel/traverse" "^7.16.7"
      "@babel/types" "^7.16.7"
  
  "@babel/highlight@^7.16.7":
    "integrity" "sha512-aKpPMfLvGO3Q97V0qhw/V2SWNWlwfJknuwAunU7wZLSfrM4xTBvg7E5opUVi1kJTBKihE38CPg4nBiqX83PWYw=="
    "resolved" "https://registry.npmmirror.com/@babel/highlight/download/@babel/highlight-7.16.7.tgz"
    "version" "7.16.7"
    dependencies:
      "@babel/helper-validator-identifier" "^7.16.7"
      "chalk" "^2.0.0"
      "js-tokens" "^4.0.0"
  
  "@babel/parser@^7.16.7", "@babel/parser@^7.16.8":
    "integrity" "sha512-i7jDUfrVBWc+7OKcBzEe5n7fbv3i2fWtxKzzCvOjnzSxMfWMigAhtfJ7qzZNGFNMsCCd67+uz553dYKWXPvCKw=="
    "resolved" "https://registry.npmmirror.com/@babel/parser/download/@babel/parser-7.16.8.tgz"
    "version" "7.16.8"
  
  "@babel/plugin-syntax-jsx@^7.16.7":
    "integrity" "sha512-Esxmk7YjA8QysKeT3VhTXvF6y77f/a91SIs4pWb4H2eWGQkCKFgQaG6hdoEVZtGsrAcb2K5BW66XsOErD4WU3Q=="
    "resolved" "https://registry.npmmirror.com/@babel/plugin-syntax-jsx/download/@babel/plugin-syntax-jsx-7.16.7.tgz"
    "version" "7.16.7"
    dependencies:
      "@babel/helper-plugin-utils" "^7.16.7"
  
  "@babel/plugin-transform-react-jsx-development@^7.16.5":
    "integrity" "sha512-RMvQWvpla+xy6MlBpPlrKZCMRs2AGiHOGHY3xRwl0pEeim348dDyxeH4xBsMPbIMhujeq7ihE702eM2Ew0Wo+A=="
    "resolved" "https://registry.npmmirror.com/@babel/plugin-transform-react-jsx-development/download/@babel/plugin-transform-react-jsx-development-7.16.7.tgz"
    "version" "7.16.7"
    dependencies:
      "@babel/plugin-transform-react-jsx" "^7.16.7"
  
  "@babel/plugin-transform-react-jsx-self@^7.16.5":
    "integrity" "sha512-oe5VuWs7J9ilH3BCCApGoYjHoSO48vkjX2CbA5bFVhIuO2HKxA3vyF7rleA4o6/4rTDbk6r8hBW7Ul8E+UZrpA=="
    "resolved" "https://registry.npmmirror.com/@babel/plugin-transform-react-jsx-self/download/@babel/plugin-transform-react-jsx-self-7.16.7.tgz"
    "version" "7.16.7"
    dependencies:
      "@babel/helper-plugin-utils" "^7.16.7"
  
  "@babel/plugin-transform-react-jsx-source@^7.16.5":
    "integrity" "sha512-rONFiQz9vgbsnaMtQlZCjIRwhJvlrPET8TabIUK2hzlXw9B9s2Ieaxte1SCOOXMbWRHodbKixNf3BLcWVOQ8Bw=="
    "resolved" "https://registry.npmmirror.com/@babel/plugin-transform-react-jsx-source/download/@babel/plugin-transform-react-jsx-source-7.16.7.tgz"
    "version" "7.16.7"
    dependencies:
      "@babel/helper-plugin-utils" "^7.16.7"
  
  "@babel/plugin-transform-react-jsx@^7.16.5", "@babel/plugin-transform-react-jsx@^7.16.7":
    "integrity" "sha512-8D16ye66fxiE8m890w0BpPpngG9o9OVBBy0gH2E+2AR7qMR2ZpTYJEqLxAsoroenMId0p/wMW+Blc0meDgu0Ag=="
    "resolved" "https://registry.npmmirror.com/@babel/plugin-transform-react-jsx/download/@babel/plugin-transform-react-jsx-7.16.7.tgz"
    "version" "7.16.7"
    dependencies:
      "@babel/helper-annotate-as-pure" "^7.16.7"
      "@babel/helper-module-imports" "^7.16.7"
      "@babel/helper-plugin-utils" "^7.16.7"
      "@babel/plugin-syntax-jsx" "^7.16.7"
      "@babel/types" "^7.16.7"
  
  "@babel/runtime@^7.12.5", "@babel/runtime@^7.15.4", "@babel/runtime@^7.5.5", "@babel/runtime@^7.6.2", "@babel/runtime@^7.7.2", "@babel/runtime@^7.7.6", "@babel/runtime@^7.9.2":
    "integrity" "sha512-9E9FJowqAsytyOY6LG+1KuueckRL+aQW+mKvXRXnuFGyRAyepJPmEo9vgMfXUA6O9u3IeEdv9MAkppFcaQwogQ=="
    "resolved" "https://registry.npmmirror.com/@babel/runtime/download/@babel/runtime-7.16.7.tgz"
    "version" "7.16.7"
    dependencies:
      "regenerator-runtime" "^0.13.4"
  
  "@babel/template@^7.16.7":
    "integrity" "sha512-I8j/x8kHUrbYRTUxXrrMbfCa7jxkE7tZre39x3kjr9hvI82cK1FfqLygotcWN5kdPGWcLdWMHpSBavse5tWw3w=="
    "resolved" "https://registry.npmmirror.com/@babel/template/download/@babel/template-7.16.7.tgz"
    "version" "7.16.7"
    dependencies:
      "@babel/code-frame" "^7.16.7"
      "@babel/parser" "^7.16.7"
      "@babel/types" "^7.16.7"
  
  "@babel/traverse@^7.16.7":
    "integrity" "sha512-xe+H7JlvKsDQwXRsBhSnq1/+9c+LlQcCK3Tn/l5sbx02HYns/cn7ibp9+RV1sIUqu7hKg91NWsgHurO9dowITQ=="
    "resolved" "https://registry.npmmirror.com/@babel/traverse/download/@babel/traverse-7.16.8.tgz"
    "version" "7.16.8"
    dependencies:
      "@babel/code-frame" "^7.16.7"
      "@babel/generator" "^7.16.8"
      "@babel/helper-environment-visitor" "^7.16.7"
      "@babel/helper-function-name" "^7.16.7"
      "@babel/helper-hoist-variables" "^7.16.7"
      "@babel/helper-split-export-declaration" "^7.16.7"
      "@babel/parser" "^7.16.8"
      "@babel/types" "^7.16.8"
      "debug" "^4.1.0"
      "globals" "^11.1.0"
  
  "@babel/types@^7.16.7", "@babel/types@^7.16.8":
    "integrity" "sha512-smN2DQc5s4M7fntyjGtyIPbRJv6wW4rU/94fmYJ7PKQuZkC0qGMHXJbg6sNGt12JmVr4k5YaptI/XtiLJBnmIg=="
    "resolved" "https://registry.npmmirror.com/@babel/types/download/@babel/types-7.16.8.tgz"
    "version" "7.16.8"
    dependencies:
      "@babel/helper-validator-identifier" "^7.16.7"
      "to-fast-properties" "^2.0.0"
  
  "@nodelib/fs.scandir@2.1.5":
    "integrity" "sha1-dhnC6yGyVIP20WdUi0z9WnSIw9U="
    "resolved" "https://registry.nlark.com/@nodelib/fs.scandir/download/@nodelib/fs.scandir-2.1.5.tgz?cache=0&sync_timestamp=1622792718463&other_urls=https%3A%2F%2Fregistry.nlark.com%2F%40nodelib%2Ffs.scandir%2Fdownload%2F%40nodelib%2Ffs.scandir-2.1.5.tgz"
    "version" "2.1.5"
    dependencies:
      "@nodelib/fs.stat" "2.0.5"
      "run-parallel" "^1.1.9"
  
  "@nodelib/fs.stat@^2.0.2", "@nodelib/fs.stat@2.0.5":
    "integrity" "sha1-W9Jir5Tp0lvR5xsF3u1Eh2oiLos="
    "resolved" "https://registry.npmmirror.com/@nodelib/fs.stat/download/@nodelib/fs.stat-2.0.5.tgz"
    "version" "2.0.5"
  
  "@nodelib/fs.walk@^1.2.3":
    "integrity" "sha1-6Vc36LtnRt3t9pxVaVNJTxlv5po="
    "resolved" "https://registry.nlark.com/@nodelib/fs.walk/download/@nodelib/fs.walk-1.2.8.tgz?cache=0&sync_timestamp=1625770050780&other_urls=https%3A%2F%2Fregistry.nlark.com%2F%40nodelib%2Ffs.walk%2Fdownload%2F%40nodelib%2Ffs.walk-1.2.8.tgz"
    "version" "1.2.8"
    dependencies:
      "@nodelib/fs.scandir" "2.1.5"
      "fastq" "^1.6.0"
  
  "@rollup/pluginutils@^4.1.2":
    "integrity" "sha512-ROn4qvkxP9SyPeHaf7uQC/GPFY6L/OWy9+bd9AwcjOAWQwxRscoEyAUD8qCY5o5iL4jqQwoLk2kaTKJPb/HwzQ=="
    "resolved" "https://registry.npmmirror.com/@rollup/pluginutils/download/@rollup/pluginutils-4.1.2.tgz"
    "version" "4.1.2"
    dependencies:
      "estree-walker" "^2.0.1"
      "picomatch" "^2.2.2"
  
  "@types/hoist-non-react-statics@^3.3.0":
    "integrity" "sha1-ESSq/lEYy1kZd66xzqrtEHDrA58="
    "resolved" "https://registry.npmmirror.com/@types/hoist-non-react-statics/download/@types/hoist-non-react-statics-3.3.1.tgz"
    "version" "3.3.1"
    dependencies:
      "@types/react" "*"
      "hoist-non-react-statics" "^3.3.0"
  
  "@types/prop-types@*":
    "integrity" "sha1-/PcgXCXf95Xuea8eMNosl5CAjxE="
    "resolved" "https://registry.npmmirror.com/@types/prop-types/download/@types/prop-types-15.7.4.tgz"
    "version" "15.7.4"
  
  "@types/react-redux@^7.1.20":
    "integrity" "sha512-GxIA1kM7ClU73I6wg9IRTVwSO9GS+SAKZKe0Enj+82HMU6aoESFU2HNAdNi3+J53IaOHPiUfT3kSG4L828joDQ=="
    "resolved" "https://registry.npmmirror.com/@types/react-redux/download/@types/react-redux-7.1.22.tgz"
    "version" "7.1.22"
    dependencies:
      "@types/hoist-non-react-statics" "^3.3.0"
      "@types/react" "*"
      "hoist-non-react-statics" "^3.3.0"
      "redux" "^4.0.0"
  
  "@types/react@*":
    "integrity" "sha512-SI92X1IA+FMnP3qM5m4QReluXzhcmovhZnLNm3pyeQlooi02qI7sLiepEYqT678uNiyc25XfCqxREFpy3W7YhQ=="
    "resolved" "https://registry.npmmirror.com/@types/react/download/@types/react-17.0.38.tgz"
    "version" "17.0.38"
    dependencies:
      "@types/prop-types" "*"
      "@types/scheduler" "*"
      "csstype" "^3.0.2"
  
  "@types/scheduler@*":
    "integrity" "sha1-GmL4lSVyPd4kuhsBsJK/XfitTTk="
    "resolved" "https://registry.npmmirror.com/@types/scheduler/download/@types/scheduler-0.16.2.tgz"
    "version" "0.16.2"
  
  "@types/throttle-debounce@^2.1.0":
    "integrity" "sha1-HD32JL/Eti+ZLTASuExW1B6rN3Y="
    "resolved" "https://registry.npmmirror.com/@types/throttle-debounce/download/@types/throttle-debounce-2.1.0.tgz"
    "version" "2.1.0"
  
  "@vitejs/plugin-react@^1.0.7":
    "integrity" "sha512-cMUBDonNY8PPeHWjIrYKbRn6bLSunh/Ixo2XLLBd3DM0uYBZft+c+04zkGhhN1lAwvoRKJ2FdtvhGhPgViHc6w=="
    "resolved" "https://registry.npmmirror.com/@vitejs/plugin-react/download/@vitejs/plugin-react-1.1.4.tgz"
    "version" "1.1.4"
    dependencies:
      "@babel/core" "^7.16.5"
      "@babel/plugin-transform-react-jsx" "^7.16.5"
      "@babel/plugin-transform-react-jsx-development" "^7.16.5"
      "@babel/plugin-transform-react-jsx-self" "^7.16.5"
      "@babel/plugin-transform-react-jsx-source" "^7.16.5"
      "@rollup/pluginutils" "^4.1.2"
      "react-refresh" "^0.11.0"
      "resolve" "^1.20.0"
  
  "@windicss/config@1.6.3":
    "integrity" "sha512-1kjdy4tyYLD4sCB4DS+3Lt1Odnde03z4Rz3EUqyWJ7SiBEWMgRk1L797SsgEH4+W1DjLBZLs1SVYzaTO/3UdJA=="
    "resolved" "https://registry.npmmirror.com/@windicss/config/download/@windicss/config-1.6.3.tgz"
    "version" "1.6.3"
    dependencies:
      "debug" "^4.3.3"
      "jiti" "^1.12.9"
      "windicss" "^3.4.3"
  
  "@windicss/plugin-utils@1.6.3":
    "integrity" "sha512-tY20pAdV8YOlCj/5Teh078n/YbekbE5qOmlNgcl+S10KqitUGB9+Qss/xE0HULACmCXBO9XeLUcAPGao79lAnA=="
    "resolved" "https://registry.npmmirror.com/@windicss/plugin-utils/download/@windicss/plugin-utils-1.6.3.tgz"
    "version" "1.6.3"
    dependencies:
      "@antfu/utils" "^0.4.0"
      "@windicss/config" "1.6.3"
      "debug" "^4.3.3"
      "fast-glob" "^3.2.11"
      "magic-string" "^0.25.7"
      "micromatch" "^4.0.4"
      "windicss" "^3.4.3"
  
  "ahooks-v3-count@^1.0.0":
    "integrity" "sha512-V7uUvAwnimu6eh/PED4mCDjE7tokeZQLKlxg9lCTMPhN+NjsSbtdacByVlR1oluXQzD3MOw55wylDmQo4+S9ZQ=="
    "resolved" "https://registry.npmmirror.com/ahooks-v3-count/download/ahooks-v3-count-1.0.0.tgz"
    "version" "1.0.0"
  
  "ahooks@^3.1.6":
    "integrity" "sha512-WSEHy+eGWohAvyRKL+ZEiIefx30BDJwMaKEzYAZ88pdRhGjg17aSGVzI3lkJkzWHg+tjNz4sK6gFf3ouQ4xCzg=="
    "resolved" "https://registry.npmmirror.com/ahooks/download/ahooks-3.1.6.tgz"
    "version" "3.1.6"
    dependencies:
      "ahooks-v3-count" "^1.0.0"
      "dayjs" "^1.9.1"
      "intersection-observer" "^0.12.0"
      "js-cookie" "^2.x.x"
      "lodash" "^4.17.21"
      "resize-observer-polyfill" "^1.5.1"
      "screenfull" "^5.0.0"
  
  "ansi-regex@^5.0.1":
    "integrity" "sha1-CCyyyJyf6GWaMRpTvWpNxTAdswQ="
    "resolved" "https://registry.nlark.com/ansi-regex/download/ansi-regex-5.0.1.tgz"
    "version" "5.0.1"
  
  "ansi-styles@^3.2.1":
    "integrity" "sha512-VT0ZI6kZRdTh8YyJw3SMbYm/u+NqfsAxEpWO0Pf9sq8/e94WxxOpPKx9FR1FlyCtOVDNOQ+8ntlqFxiRc+r5qA=="
    "resolved" "https://registry.npmmirror.com/ansi-styles/download/ansi-styles-3.2.1.tgz"
    "version" "3.2.1"
    dependencies:
      "color-convert" "^1.9.0"
  
  "ansi-styles@^4.0.0":
    "integrity" "sha512-zbB9rCJAT1rbjiVDb2hqKFHNYLxgtk8NURxZ3IZwD3F6NtxbXZQCnnSi1Lkx+IDohdPlFp222wVALIheZJQSEg=="
    "resolved" "https://registry.npmmirror.com/ansi-styles/download/ansi-styles-4.3.0.tgz"
    "version" "4.3.0"
    dependencies:
      "color-convert" "^2.0.1"
  
  "balanced-match@^1.0.0":
    "integrity" "sha1-6D46fj8wCzTLnYf2FfoMvzV2kO4="
    "resolved" "https://registry.npm.taobao.org/balanced-match/download/balanced-match-1.0.2.tgz"
    "version" "1.0.2"
  
  "big-integer@^1.6.16":
    "integrity" "sha512-GPEid2Y9QU1Exl1rpO9B2IPJGHPSupF5GnVIP0blYvNOMer2bTvSWs1jGOUg04hTmu67nmLsQ9TBo1puaotBHg=="
    "resolved" "https://registry.npmmirror.com/big-integer/download/big-integer-1.6.51.tgz"
    "version" "1.6.51"
  
  "brace-expansion@^1.1.7":
    "integrity" "sha1-PH/L9SnYcibz0vUrlm/1Jx60Qd0="
    "resolved" "https://registry.npm.taobao.org/brace-expansion/download/brace-expansion-1.1.11.tgz"
    "version" "1.1.11"
    dependencies:
      "balanced-match" "^1.0.0"
      "concat-map" "0.0.1"
  
  "braces@^3.0.1":
    "integrity" "sha1-NFThpGLujVmeI23zNs2epPiv4Qc="
    "resolved" "https://registry.nlark.com/braces/download/braces-3.0.2.tgz"
    "version" "3.0.2"
    dependencies:
      "fill-range" "^7.0.1"
  
  "broadcast-channel@^3.4.1":
    "integrity" "sha1-Lfpce0KJVHrD9nBfnACvhyOImTc="
    "resolved" "https://registry.npmmirror.com/broadcast-channel/download/broadcast-channel-3.7.0.tgz"
    "version" "3.7.0"
    dependencies:
      "@babel/runtime" "^7.7.2"
      "detect-node" "^2.1.0"
      "js-sha3" "0.8.0"
      "microseconds" "0.2.0"
      "nano-time" "1.0.0"
      "oblivious-set" "1.0.0"
      "rimraf" "3.0.2"
      "unload" "2.2.0"
  
  "browserslist@^4.17.5":
    "integrity" "sha512-u2tbbG5PdKRTUoctO3NBD8FQ5HdPh1ZXPHzp1rwaa5jTc+RV9/+RlWiAIKmjRPQF+xbGM9Kklj5bZQFa2s/38A=="
    "resolved" "https://registry.npmmirror.com/browserslist/download/browserslist-4.19.1.tgz"
    "version" "4.19.1"
    dependencies:
      "caniuse-lite" "^1.0.30001286"
      "electron-to-chromium" "^1.4.17"
      "escalade" "^3.1.1"
      "node-releases" "^2.0.1"
      "picocolors" "^1.0.0"
  
  "camel-case@^4.1.2":
    "integrity" "sha1-lygHKpVPgFIoIlpt7qazhGHhvVo="
    "resolved" "https://registry.nlark.com/camel-case/download/camel-case-4.1.2.tgz"
    "version" "4.1.2"
    dependencies:
      "pascal-case" "^3.1.2"
      "tslib" "^2.0.3"
  
  "caniuse-lite@^1.0.30001286":
    "integrity" "sha512-iujN4+x7QzqA2NCSrS5VUy+4gLmRd4xv6vbBBsmfVqTx8bLAD8097euLqQgKxSVLvxjSDcvF1T/i9ocgnUFexw=="
    "resolved" "https://registry.npmmirror.com/caniuse-lite/download/caniuse-lite-1.0.30001299.tgz"
    "version" "1.0.30001299"
  
  "capital-case@^1.0.4":
    "integrity" "sha1-nRMCkjU8kkn2sA+lhSvuOKcX5mk="
    "resolved" "https://registry.nlark.com/capital-case/download/capital-case-1.0.4.tgz"
    "version" "1.0.4"
    dependencies:
      "no-case" "^3.0.4"
      "tslib" "^2.0.3"
      "upper-case-first" "^2.0.2"
  
  "chalk@^2.0.0":
    "integrity" "sha512-Mti+f9lpJNcwF4tWV8/OrTTtF1gZi+f8FqlyAdouralcFWFQWF2+NgCHShjkCb+IFBLq9buZwE1xckQU4peSuQ=="
    "resolved" "https://registry.npmmirror.com/chalk/download/chalk-2.4.2.tgz"
    "version" "2.4.2"
    dependencies:
      "ansi-styles" "^3.2.1"
      "escape-string-regexp" "^1.0.5"
      "supports-color" "^5.3.0"
  
  "change-case@^4.1.2":
    "integrity" "sha1-/t/F8TYEXiOYwEEO5EH5VwRkHhI="
    "resolved" "https://registry.nlark.com/change-case/download/change-case-4.1.2.tgz"
    "version" "4.1.2"
    dependencies:
      "camel-case" "^4.1.2"
      "capital-case" "^1.0.4"
      "constant-case" "^3.0.4"
      "dot-case" "^3.0.4"
      "header-case" "^2.0.4"
      "no-case" "^3.0.4"
      "param-case" "^3.0.4"
      "pascal-case" "^3.1.2"
      "path-case" "^3.0.4"
      "sentence-case" "^3.0.4"
      "snake-case" "^3.0.4"
      "tslib" "^2.0.3"
  
  "cliui@^7.0.2":
    "integrity" "sha1-oCZe5lVHb8gHrqnfPfjfd4OAi08="
    "resolved" "https://registry.npm.taobao.org/cliui/download/cliui-7.0.4.tgz?cache=0&sync_timestamp=1604880226973&other_urls=https%3A%2F%2Fregistry.npm.taobao.org%2Fcliui%2Fdownload%2Fcliui-7.0.4.tgz"
    "version" "7.0.4"
    dependencies:
      "string-width" "^4.2.0"
      "strip-ansi" "^6.0.0"
      "wrap-ansi" "^7.0.0"
  
  "color-convert@^1.9.0":
    "integrity" "sha1-u3GFBpDh8TZWfeYp0tVHHe2kweg="
    "resolved" "https://registry.npmmirror.com/color-convert/download/color-convert-1.9.3.tgz"
    "version" "1.9.3"
    dependencies:
      "color-name" "1.1.3"
  
  "color-convert@^2.0.1":
    "integrity" "sha1-ctOmjVmMm9s68q0ehPIdiWq9TeM="
    "resolved" "https://registry.npmmirror.com/color-convert/download/color-convert-2.0.1.tgz"
    "version" "2.0.1"
    dependencies:
      "color-name" "~1.1.4"
  
  "color-name@~1.1.4":
    "integrity" "sha1-wqCah6y95pVD3m9j+jmVyCbFNqI="
    "resolved" "https://registry.nlark.com/color-name/download/color-name-1.1.4.tgz"
    "version" "1.1.4"
  
  "color-name@1.1.3":
    "integrity" "sha1-p9BVi9icQveV3UIyj3QIMcpTvCU="
    "resolved" "https://registry.nlark.com/color-name/download/color-name-1.1.3.tgz"
    "version" "1.1.3"
  
  "concat-map@0.0.1":
    "integrity" "sha1-2Klr13/Wjfd5OnMDajug1UBdR3s="
    "resolved" "https://registry.npm.taobao.org/concat-map/download/concat-map-0.0.1.tgz"
    "version" "0.0.1"
  
  "constant-case@^3.0.4":
    "integrity" "sha1-O4Sprq9M8x7EXmv13pG9+wWJ+vE="
    "resolved" "https://registry.nlark.com/constant-case/download/constant-case-3.0.4.tgz"
    "version" "3.0.4"
    dependencies:
      "no-case" "^3.0.4"
      "tslib" "^2.0.3"
      "upper-case" "^2.0.2"
  
  "convert-source-map@^1.7.0":
    "integrity" "sha1-8zc8MtIbTXgN2ABFFGhPt5HKQ2k="
    "resolved" "https://registry.nlark.com/convert-source-map/download/convert-source-map-1.8.0.tgz"
    "version" "1.8.0"
    dependencies:
      "safe-buffer" "~5.1.1"
  
  "csstype@^3.0.2":
    "integrity" "sha512-2u44ZG2OcNUO9HDp/Jl8C07x6pU/eTR3ncV91SiK3dhG9TWvRVsCoJw14Ckx5DgWkzGA3waZWO3d7pgqpUI/XA=="
    "resolved" "https://registry.npmmirror.com/csstype/download/csstype-3.0.10.tgz?cache=0&sync_timestamp=1637224507298&other_urls=https%3A%2F%2Fregistry.npmmirror.com%2Fcsstype%2Fdownload%2Fcsstype-3.0.10.tgz"
    "version" "3.0.10"
  
  "dayjs@^1.9.1":
    "integrity" "sha512-P6twpd70BcPK34K26uJ1KT3wlhpuOAPoMwJzpsIWUxHZ7wpmbdZL/hQqBDfz7hGurYSa5PhzdhDHtt319hL3ig=="
    "resolved" "https://registry.npmmirror.com/dayjs/download/dayjs-1.10.7.tgz"
    "version" "1.10.7"
  
  "debug@^4.1.0", "debug@^4.3.3":
    "integrity" "sha512-/zxw5+vh1Tfv+4Qn7a5nsbcJKPaSvCDhojn6FEl9vupwK2VCSDtEiEtqr8DFtzYFOdz63LBkxec7DYuc2jon6Q=="
    "resolved" "https://registry.npmmirror.com/debug/download/debug-4.3.3.tgz"
    "version" "4.3.3"
    dependencies:
      "ms" "2.1.2"
  
  "define-lazy-prop@^2.0.0":
    "integrity" "sha1-P3rkIRKbyqrJvHSQXJigAJ7J7n8="
    "resolved" "https://registry.nlark.com/define-lazy-prop/download/define-lazy-prop-2.0.0.tgz"
    "version" "2.0.0"
  
  "detect-node@^2.0.4", "detect-node@^2.1.0":
    "integrity" "sha1-yccHdaScPQO8LAbZpzvlUPl4+LE="
    "resolved" "https://registry.nlark.com/detect-node/download/detect-node-2.1.0.tgz"
    "version" "2.1.0"
  
  "dot-case@^3.0.4":
    "integrity" "sha1-mytnDQCkMWZ6inW6Kc0bmICc51E="
    "resolved" "https://registry.nlark.com/dot-case/download/dot-case-3.0.4.tgz"
    "version" "3.0.4"
    dependencies:
      "no-case" "^3.0.4"
      "tslib" "^2.0.3"
  
  "electron-to-chromium@^1.4.17":
    "integrity" "sha512-UtV0xUA/dibCKKP2JMxOpDtXR74zABevuUEH4K0tvduFSIoxRVcYmQsbB51kXsFTX8MmOyWMt8tuZAlmDOqkrQ=="
    "resolved" "https://registry.npmmirror.com/electron-to-chromium/download/electron-to-chromium-1.4.46.tgz"
    "version" "1.4.46"
  
  "emoji-regex@^8.0.0":
    "integrity" "sha1-6Bj9ac5cz8tARZT4QpY79TFkzDc="
    "resolved" "https://registry.npmmirror.com/emoji-regex/download/emoji-regex-8.0.0.tgz"
    "version" "8.0.0"
  
  "es-module-lexer@^0.9.3":
    "integrity" "sha1-bxPbAMw4QXE32vdDZvU1yOtDjxk="
    "resolved" "https://registry.npmmirror.com/es-module-lexer/download/es-module-lexer-0.9.3.tgz?cache=0&sync_timestamp=1633645560577&other_urls=https%3A%2F%2Fregistry.npmmirror.com%2Fes-module-lexer%2Fdownload%2Fes-module-lexer-0.9.3.tgz"
    "version" "0.9.3"
  
  "esbuild-windows-64@0.13.15":
    "integrity" "sha512-9aMsPRGDWCd3bGjUIKG/ZOJPKsiztlxl/Q3C1XDswO6eNX/Jtwu4M+jb6YDH9hRSUflQWX0XKAfWzgy5Wk54JQ=="
    "resolved" "https://registry.npmmirror.com/esbuild-windows-64/download/esbuild-windows-64-0.13.15.tgz"
    "version" "0.13.15"
  
  "esbuild@^0.13.12":
    "integrity" "sha512-raCxt02HBKv8RJxE8vkTSCXGIyKHdEdGfUmiYb8wnabnaEmHzyW7DCHb5tEN0xU8ryqg5xw54mcwnYkC4x3AIw=="
    "resolved" "https://registry.npmmirror.com/esbuild/download/esbuild-0.13.15.tgz"
    "version" "0.13.15"
    optionalDependencies:
      "esbuild-android-arm64" "0.13.15"
      "esbuild-darwin-64" "0.13.15"
      "esbuild-darwin-arm64" "0.13.15"
      "esbuild-freebsd-64" "0.13.15"
      "esbuild-freebsd-arm64" "0.13.15"
      "esbuild-linux-32" "0.13.15"
      "esbuild-linux-64" "0.13.15"
      "esbuild-linux-arm" "0.13.15"
      "esbuild-linux-arm64" "0.13.15"
      "esbuild-linux-mips64le" "0.13.15"
      "esbuild-linux-ppc64le" "0.13.15"
      "esbuild-netbsd-64" "0.13.15"
      "esbuild-openbsd-64" "0.13.15"
      "esbuild-sunos-64" "0.13.15"
      "esbuild-windows-32" "0.13.15"
      "esbuild-windows-64" "0.13.15"
      "esbuild-windows-arm64" "0.13.15"
  
  "escalade@^3.1.1":
    "integrity" "sha1-2M/ccACWXFoBdLSoLqpcBVJ0LkA="
    "resolved" "https://registry.nlark.com/escalade/download/escalade-3.1.1.tgz"
    "version" "3.1.1"
  
  "escape-string-regexp@^1.0.5":
    "integrity" "sha1-G2HAViGQqN/2rjuyzwIAyhMLhtQ="
    "resolved" "https://registry.nlark.com/escape-string-regexp/download/escape-string-regexp-1.0.5.tgz"
    "version" "1.0.5"
  
  "estree-walker@^2.0.1":
    "integrity" "sha1-UvAQF4wqTBF6d1fP6UKtt9LaTKw="
    "resolved" "https://registry.npmmirror.com/estree-walker/download/estree-walker-2.0.2.tgz"
    "version" "2.0.2"
  
  "fast-glob@^3.2.11":
    "integrity" "sha512-xrO3+1bxSo3ZVHAnqzyuewYT6aMFHRAd4Kcs92MAonjwQZLsK9d0SF1IyQ3k5PoirxTW0Oe/RqFgMQ6TcNE5Ew=="
    "resolved" "https://registry.npmmirror.com/fast-glob/download/fast-glob-3.2.11.tgz"
    "version" "3.2.11"
    dependencies:
      "@nodelib/fs.stat" "^2.0.2"
      "@nodelib/fs.walk" "^1.2.3"
      "glob-parent" "^5.1.2"
      "merge2" "^1.3.0"
      "micromatch" "^4.0.4"
  
  "fastq@^1.6.0":
    "integrity" "sha1-YWdg+Ip1Jr38WWt8q4wYk4w2uYw="
    "resolved" "https://registry.nlark.com/fastq/download/fastq-1.13.0.tgz"
    "version" "1.13.0"
    dependencies:
      "reusify" "^1.0.4"
  
  "fill-range@^7.0.1":
    "integrity" "sha1-GRmmp8df44ssfHflGYU12prN2kA="
    "resolved" "https://registry.nlark.com/fill-range/download/fill-range-7.0.1.tgz"
    "version" "7.0.1"
    dependencies:
      "to-regex-range" "^5.0.1"
  
  "fs-extra@^10.0.0":
    "integrity" "sha1-n/YbZV3eU/s0qC34S7IUzoAuF8E="
    "resolved" "https://registry.nlark.com/fs-extra/download/fs-extra-10.0.0.tgz"
    "version" "10.0.0"
    dependencies:
      "graceful-fs" "^4.2.0"
      "jsonfile" "^6.0.1"
      "universalify" "^2.0.0"
  
  "fs.realpath@^1.0.0":
    "integrity" "sha1-FQStJSMVjKpA20onh8sBQRmU6k8="
    "resolved" "https://registry.npm.taobao.org/fs.realpath/download/fs.realpath-1.0.0.tgz"
    "version" "1.0.0"
  
  "function-bind@^1.1.1":
    "integrity" "sha1-pWiZ0+o8m6uHS7l3O3xe3pL0iV0="
    "resolved" "https://registry.npm.taobao.org/function-bind/download/function-bind-1.1.1.tgz"
    "version" "1.1.1"
  
  "gensync@^1.0.0-beta.2":
    "integrity" "sha1-MqbudsPX9S1GsrGuXZP+qFgKJeA="
    "resolved" "https://registry.nlark.com/gensync/download/gensync-1.0.0-beta.2.tgz"
    "version" "1.0.0-beta.2"
  
  "get-caller-file@^2.0.5":
    "integrity" "sha1-T5RBKoLbMvNuOwuXQfipf+sDH34="
    "resolved" "https://registry.npm.taobao.org/get-caller-file/download/get-caller-file-2.0.5.tgz"
    "version" "2.0.5"
  
  "glob-parent@^5.1.2":
    "integrity" "sha1-hpgyxYA0/mikCTwX3BXoNA2EAcQ="
    "resolved" "https://registry.npmmirror.com/glob-parent/download/glob-parent-5.1.2.tgz?cache=0&sync_timestamp=1632953810778&other_urls=https%3A%2F%2Fregistry.npmmirror.com%2Fglob-parent%2Fdownload%2Fglob-parent-5.1.2.tgz"
    "version" "5.1.2"
    dependencies:
      "is-glob" "^4.0.1"
  
  "glob@^7.1.3":
    "integrity" "sha512-lmLf6gtyrPq8tTjSmrO94wBeQbFR3HbLHbuyD69wuyQkImp2hWqMGB47OX65FBkPffO641IP9jWa1z4ivqG26Q=="
    "resolved" "https://registry.npmmirror.com/glob/download/glob-7.2.0.tgz"
    "version" "7.2.0"
    dependencies:
      "fs.realpath" "^1.0.0"
      "inflight" "^1.0.4"
      "inherits" "2"
      "minimatch" "^3.0.4"
      "once" "^1.3.0"
      "path-is-absolute" "^1.0.0"
  
  "globals@^11.1.0":
    "integrity" "sha1-q4eVM4hooLq9hSV1gBjCp+uVxC4="
    "resolved" "https://registry.npmmirror.com/globals/download/globals-11.12.0.tgz"
    "version" "11.12.0"
  
  "graceful-fs@^4.1.6", "graceful-fs@^4.2.0":
    "integrity" "sha512-NtNxqUcXgpW2iMrfqSfR73Glt39K+BLwWsPs94yR63v45T0Wbej7eRmL5cWfwEgqXnmjQp3zaJTshdRW/qC2ZQ=="
    "resolved" "https://registry.npmmirror.com/graceful-fs/download/graceful-fs-4.2.9.tgz"
    "version" "4.2.9"
  
  "has-flag@^3.0.0":
    "integrity" "sha1-tdRU3CGZriJWmfNGfloH87lVuv0="
    "resolved" "https://registry.nlark.com/has-flag/download/has-flag-3.0.0.tgz"
    "version" "3.0.0"
  
  "has@^1.0.3":
    "integrity" "sha1-ci18v8H2qoJB8W3YFOAR4fQeh5Y="
    "resolved" "https://registry.npmmirror.com/has/download/has-1.0.3.tgz"
    "version" "1.0.3"
    dependencies:
      "function-bind" "^1.1.1"
  
  "header-case@^2.0.4":
    "integrity" "sha1-WkLmO1UXc0nPQFvrjXdayruSwGM="
    "resolved" "https://registry.nlark.com/header-case/download/header-case-2.0.4.tgz"
    "version" "2.0.4"
    dependencies:
      "capital-case" "^1.0.4"
      "tslib" "^2.0.3"
  
  "history@^5.2.0":
    "integrity" "sha512-uPSF6lAJb3nSePJ43hN3eKj1dTWpN9gMod0ZssbFTIsen+WehTmEadgL+kg78xLJFdRfrrC//SavDzmRVdE+Ig=="
    "resolved" "https://registry.npmmirror.com/history/download/history-5.2.0.tgz"
    "version" "5.2.0"
    dependencies:
      "@babel/runtime" "^7.7.6"
  
  "hoist-non-react-statics@^3.3.0", "hoist-non-react-statics@^3.3.2":
    "integrity" "sha1-7OCsr3HWLClpwuxZ/v9CpLGoW0U="
    "resolved" "https://registry.npmmirror.com/hoist-non-react-statics/download/hoist-non-react-statics-3.3.2.tgz"
    "version" "3.3.2"
    dependencies:
      "react-is" "^16.7.0"
  
  "immer@^9.0.12", "immer@>=2.0.0":
    "integrity" "sha512-lk7UNmSbAukB5B6dh9fnh5D0bJTOFKxVg2cyJWTYrWRfhLrLMBquONcUs3aFq507hNoIZEDDh8lb8UtOizSMhA=="
    "resolved" "https://registry.npmmirror.com/immer/download/immer-9.0.12.tgz"
    "version" "9.0.12"
  
  "inflight@^1.0.4":
    "integrity" "sha1-Sb1jMdfQLQwJvJEKEHW6gWW1bfk="
    "resolved" "https://registry.npm.taobao.org/inflight/download/inflight-1.0.6.tgz"
    "version" "1.0.6"
    dependencies:
      "once" "^1.3.0"
      "wrappy" "1"
  
  "inherits@2":
    "integrity" "sha1-D6LGT5MpF8NDOg3tVTY6rjdBa3w="
    "resolved" "https://registry.nlark.com/inherits/download/inherits-2.0.4.tgz"
    "version" "2.0.4"
  
  "intersection-observer@^0.12.0":
    "integrity" "sha1-bIRij2fOhpjl+cz4V9l3GHRYN6o="
    "resolved" "https://registry.npm.taobao.org/intersection-observer/download/intersection-observer-0.12.0.tgz"
    "version" "0.12.0"
  
  "is-core-module@^2.8.0":
    "integrity" "sha512-SdNCUs284hr40hFTFP6l0IfZ/RSrMXF3qgoRHd3/79unUTvrFO/JoXwkGm+5J/Oe3E/b5GsnG330uUNgRpu1PA=="
    "resolved" "https://registry.npmmirror.com/is-core-module/download/is-core-module-2.8.1.tgz"
    "version" "2.8.1"
    dependencies:
      "has" "^1.0.3"
  
  "is-docker@^2.0.0", "is-docker@^2.1.1":
    "integrity" "sha1-M+6r4jz+hvFL3kQIoCwM+4U6zao="
    "resolved" "https://registry.nlark.com/is-docker/download/is-docker-2.2.1.tgz?cache=0&sync_timestamp=1630451108035&other_urls=https%3A%2F%2Fregistry.nlark.com%2Fis-docker%2Fdownload%2Fis-docker-2.2.1.tgz"
    "version" "2.2.1"
  
  "is-extglob@^2.1.1":
    "integrity" "sha1-qIwCU1eR8C7TfHahueqXc8gz+MI="
    "resolved" "https://registry.nlark.com/is-extglob/download/is-extglob-2.1.1.tgz"
    "version" "2.1.1"
  
  "is-fullwidth-code-point@^3.0.0":
    "integrity" "sha1-8Rb4Bk/pCz94RKOJl8C3UFEmnx0="
    "resolved" "https://registry.npmmirror.com/is-fullwidth-code-point/download/is-fullwidth-code-point-3.0.0.tgz"
    "version" "3.0.0"
  
  "is-glob@^4.0.1":
    "integrity" "sha1-ZPYeQsu7LuwgcanawLKLoeZdUIQ="
    "resolved" "https://registry.npmmirror.com/is-glob/download/is-glob-4.0.3.tgz"
    "version" "4.0.3"
    dependencies:
      "is-extglob" "^2.1.1"
  
  "is-number@^7.0.0":
    "integrity" "sha1-dTU0W4lnNNX4DE0GxQlVUnoU8Ss="
    "resolved" "https://registry.nlark.com/is-number/download/is-number-7.0.0.tgz"
    "version" "7.0.0"
  
  "is-wsl@^2.2.0":
    "integrity" "sha1-dKTHbnfKn9P5MvKQwX6jJs0VcnE="
    "resolved" "https://registry.nlark.com/is-wsl/download/is-wsl-2.2.0.tgz"
    "version" "2.2.0"
    dependencies:
      "is-docker" "^2.0.0"
  
  "jiti@^1.12.9":
    "integrity" "sha1-LORbJlz8jckevXClIEgHz5FSkbw="
    "resolved" "https://registry.npmmirror.com/jiti/download/jiti-1.12.9.tgz"
    "version" "1.12.9"
  
  "js-cookie@^2.x.x":
    "integrity" "sha512-HvdH2LzI/EAZcUwA8+0nKNtWHqS+ZmijLA30RwZA0bo7ToCckjK5MkGhjED9KoRcXO6BaGI3I9UIzSA1FKFPOQ=="
    "resolved" "https://registry.npmmirror.com/js-cookie/download/js-cookie-2.2.1.tgz"
    "version" "2.2.1"
  
  "js-sha3@0.8.0":
    "integrity" "sha1-ubel2nOvrX3t0PjEY5VMveaBiEA="
    "resolved" "https://registry.npm.taobao.org/js-sha3/download/js-sha3-0.8.0.tgz"
    "version" "0.8.0"
  
  "js-tokens@^3.0.0 || ^4.0.0", "js-tokens@^4.0.0":
    "integrity" "sha1-GSA/tZmR35jjoocFDUZHzerzJJk="
    "resolved" "https://registry.nlark.com/js-tokens/download/js-tokens-4.0.0.tgz"
    "version" "4.0.0"
  
  "jsesc@^2.5.1":
    "integrity" "sha1-gFZNLkg9rPbo7yCWUKZ98/DCg6Q="
    "resolved" "https://registry.npm.taobao.org/jsesc/download/jsesc-2.5.2.tgz"
    "version" "2.5.2"
  
  "json5@^2.1.2":
    "integrity" "sha512-f+8cldu7X/y7RAJurMEJmdoKXGB/X550w2Nr3tTbezL6RwEE/iMcm+tZnXeoZtKuOq6ft8+CqzEkrIgx1fPoQA=="
    "resolved" "https://registry.npmmirror.com/json5/download/json5-2.2.0.tgz"
    "version" "2.2.0"
    dependencies:
      "minimist" "^1.2.5"
  
  "jsonfile@^6.0.1":
    "integrity" "sha1-vFWyY0eTxnnsZAMJTrE2mKbsCq4="
    "resolved" "https://registry.nlark.com/jsonfile/download/jsonfile-6.1.0.tgz"
    "version" "6.1.0"
    dependencies:
      "universalify" "^2.0.0"
    optionalDependencies:
      "graceful-fs" "^4.1.6"
  
  "kolorist@^1.5.1":
    "integrity" "sha512-lxpCM3HTvquGxKGzHeknB/sUjuVoUElLlfYnXZT73K8geR9jQbroGlSCFBax9/0mpGoD3kzcMLnOlGQPJJNyqQ=="
    "resolved" "https://registry.npmmirror.com/kolorist/download/kolorist-1.5.1.tgz"
    "version" "1.5.1"
  
  "lodash@^4.17.21":
    "integrity" "sha512-v2kDEe57lecTulaDIuNTPy3Ry4gLGJ6Z1O3vE1krgXZNrsQ+LFTGHVxVjcXPs17LhbZVGedAJv8XZ1tvj5FvSg=="
    "resolved" "https://registry.npmmirror.com/lodash/download/lodash-4.17.21.tgz"
    "version" "4.17.21"
  
  "loose-envify@^1.1.0", "loose-envify@^1.4.0":
    "integrity" "sha1-ce5R+nvkyuwaY4OffmgtgTLTDK8="
    "resolved" "https://registry.npmmirror.com/loose-envify/download/loose-envify-1.4.0.tgz"
    "version" "1.4.0"
    dependencies:
      "js-tokens" "^3.0.0 || ^4.0.0"
  
  "lower-case@^2.0.2":
    "integrity" "sha1-b6I3xj29xKgsoP2ILkci3F5jTig="
    "resolved" "https://registry.nlark.com/lower-case/download/lower-case-2.0.2.tgz"
    "version" "2.0.2"
    dependencies:
      "tslib" "^2.0.3"
  
  "magic-string@^0.25.7":
    "integrity" "sha1-P0l9b9NMZpxnmNy4IfLvMfVEUFE="
    "resolved" "https://registry.nlark.com/magic-string/download/magic-string-0.25.7.tgz"
    "version" "0.25.7"
    dependencies:
      "sourcemap-codec" "^1.4.4"
  
  "match-sorter@^6.0.2":
    "integrity" "sha1-mMw3/adWCTQk3fPLxiv+nHW5K9o="
    "resolved" "https://registry.npmmirror.com/match-sorter/download/match-sorter-6.3.1.tgz"
    "version" "6.3.1"
    dependencies:
      "@babel/runtime" "^7.12.5"
      "remove-accents" "0.4.2"
  
  "merge2@^1.3.0":
    "integrity" "sha1-Q2iJL4hekHRVpv19xVwMnUBJkK4="
    "resolved" "https://registry.npm.taobao.org/merge2/download/merge2-1.4.1.tgz"
    "version" "1.4.1"
  
  "micromatch@^4.0.4":
    "integrity" "sha1-iW1Rnf6dsl/OlM63pQCRm/iB6/k="
    "resolved" "https://registry.nlark.com/micromatch/download/micromatch-4.0.4.tgz"
    "version" "4.0.4"
    dependencies:
      "braces" "^3.0.1"
      "picomatch" "^2.2.3"
  
  "microseconds@0.2.0":
    "integrity" "sha1-Izsl9Qxipl2GH5eKSk+OwYeX3Dk="
    "resolved" "https://registry.npm.taobao.org/microseconds/download/microseconds-0.2.0.tgz"
    "version" "0.2.0"
  
  "minimatch@^3.0.4":
    "integrity" "sha1-UWbihkV/AzBgZL5Ul+jbsMPTIIM="
    "resolved" "https://registry.nlark.com/minimatch/download/minimatch-3.0.4.tgz?cache=0&sync_timestamp=1622604477105&other_urls=https%3A%2F%2Fregistry.nlark.com%2Fminimatch%2Fdownload%2Fminimatch-3.0.4.tgz"
    "version" "3.0.4"
    dependencies:
      "brace-expansion" "^1.1.7"
  
  "minimist@^1.2.5":
    "integrity" "sha1-Z9ZgFLZqaoqqDAg8X9WN9OTpdgI="
    "resolved" "https://registry.nlark.com/minimist/download/minimist-1.2.5.tgz"
    "version" "1.2.5"
  
  "ms@2.1.2":
    "integrity" "sha1-0J0fNXtEP0kzgqjrPM0YOHKuYAk="
    "resolved" "https://registry.npmmirror.com/ms/download/ms-2.1.2.tgz"
    "version" "2.1.2"
  
  "nano-time@1.0.0":
    "integrity" "sha1-sFVPaa2J4i0JB/ehKwmTpdlhN+8="
    "resolved" "https://registry.npm.taobao.org/nano-time/download/nano-time-1.0.0.tgz"
    "version" "1.0.0"
    dependencies:
      "big-integer" "^1.6.16"
  
  "nanoid@^3.1.30", "nanoid@^3.1.32":
    "integrity" "sha512-fmsZYa9lpn69Ad5eDn7FMcnnSR+8R34W9qJEijxYhTbfOWzr22n1QxCMzXLK+ODyW2973V3Fux959iQoUxzUIA=="
    "resolved" "https://registry.npmmirror.com/nanoid/download/nanoid-3.2.0.tgz"
    "version" "3.2.0"
  
  "no-case@^3.0.4":
    "integrity" "sha1-02H9XJgA9VhVGoNp/A3NRmK2Ek0="
    "resolved" "https://registry.nlark.com/no-case/download/no-case-3.0.4.tgz"
    "version" "3.0.4"
    dependencies:
      "lower-case" "^2.0.2"
      "tslib" "^2.0.3"
  
  "node-releases@^2.0.1":
    "integrity" "sha1-PR05XyBPHy8ppUNYuftnh2WtL8U="
    "resolved" "https://registry.npmmirror.com/node-releases/download/node-releases-2.0.1.tgz"
    "version" "2.0.1"
  
  "normalize.css@^8.0.1":
    "integrity" "sha512-qizSNPO93t1YUuUhP22btGOo3chcvDFqFaj2TRybP0DMxkHOCTYwp3n34fel4a31ORXy4m1Xq0Gyqpb5m33qIg=="
    "resolved" "https://registry.npmmirror.com/normalize.css/download/normalize.css-8.0.1.tgz"
    "version" "8.0.1"
  
  "object-assign@^4.1.1":
    "integrity" "sha1-IQmtx5ZYh8/AXLvUQsrIv7s2CGM="
    "resolved" "https://registry.npmmirror.com/object-assign/download/object-assign-4.1.1.tgz?cache=0&sync_timestamp=1632811811547&other_urls=https%3A%2F%2Fregistry.npmmirror.com%2Fobject-assign%2Fdownload%2Fobject-assign-4.1.1.tgz"
    "version" "4.1.1"
  
  "oblivious-set@1.0.0":
    "integrity" "sha1-yDFvLC+2/3sRthWNsyNMSfczxWY="
    "resolved" "https://registry.nlark.com/oblivious-set/download/oblivious-set-1.0.0.tgz"
    "version" "1.0.0"
  
  "once@^1.3.0":
    "integrity" "sha1-WDsap3WWHUsROsF9nFC6753Xa9E="
    "resolved" "https://registry.nlark.com/once/download/once-1.4.0.tgz"
    "version" "1.4.0"
    dependencies:
      "wrappy" "1"
  
  "open@^8.4.0":
    "integrity" "sha1-NFMhrhj4E4+CVlqRD9xrOejCRPg="
    "resolved" "https://registry.npmmirror.com/open/download/open-8.4.0.tgz?cache=0&sync_timestamp=1635048361939&other_urls=https%3A%2F%2Fregistry.npmmirror.com%2Fopen%2Fdownload%2Fopen-8.4.0.tgz"
    "version" "8.4.0"
    dependencies:
      "define-lazy-prop" "^2.0.0"
      "is-docker" "^2.1.1"
      "is-wsl" "^2.2.0"
  
  "param-case@^3.0.4":
    "integrity" "sha1-fRf+SqEr3jTUp32RrPtiGcqtAcU="
    "resolved" "https://registry.nlark.com/param-case/download/param-case-3.0.4.tgz"
    "version" "3.0.4"
    dependencies:
      "dot-case" "^3.0.4"
      "tslib" "^2.0.3"
  
  "pascal-case@^3.1.2":
    "integrity" "sha1-tI4O8rmOIF58Ha50fQsVCCN2YOs="
    "resolved" "https://registry.nlark.com/pascal-case/download/pascal-case-3.1.2.tgz"
    "version" "3.1.2"
    dependencies:
      "no-case" "^3.0.4"
      "tslib" "^2.0.3"
  
  "path-case@^3.0.4":
    "integrity" "sha1-kWhkUzTrlCZYN1xW+AtMDLX4LG8="
    "resolved" "https://registry.nlark.com/path-case/download/path-case-3.0.4.tgz"
    "version" "3.0.4"
    dependencies:
      "dot-case" "^3.0.4"
      "tslib" "^2.0.3"
  
  "path-is-absolute@^1.0.0":
    "integrity" "sha1-F0uSaHNVNP+8es5r9TpanhtcX18="
    "resolved" "https://registry.nlark.com/path-is-absolute/download/path-is-absolute-1.0.1.tgz"
    "version" "1.0.1"
  
  "path-parse@^1.0.7":
    "integrity" "sha1-+8EUtgykKzDZ2vWFjkvWi77bZzU="
    "resolved" "https://registry.nlark.com/path-parse/download/path-parse-1.0.7.tgz"
    "version" "1.0.7"
  
  "picocolors@^1.0.0":
    "integrity" "sha1-y1vcdP8/UYkiNur3nWi8RFZKuBw="
    "resolved" "https://registry.npmmirror.com/picocolors/download/picocolors-1.0.0.tgz?cache=0&sync_timestamp=1634093339035&other_urls=https%3A%2F%2Fregistry.npmmirror.com%2Fpicocolors%2Fdownload%2Fpicocolors-1.0.0.tgz"
    "version" "1.0.0"
  
  "picomatch@^2.2.2", "picomatch@^2.2.3":
    "integrity" "sha512-JU3teHTNjmE2VCGFzuY8EXzCDVwEqB2a8fsIvwaStHhAWJEeVd1o1QD80CU6+ZdEXXSLbSsuLwJjkCBWqRQUVA=="
    "resolved" "https://registry.npmmirror.com/picomatch/download/picomatch-2.3.1.tgz"
    "version" "2.3.1"
  
  "postcss@^8.4.5":
    "integrity" "sha512-jBDboWM8qpaqwkMwItqTQTiFikhs/67OYVvblFFTM7MrZjt6yMKd6r2kgXizEbTTljacm4NldIlZnhbjr84QYg=="
    "resolved" "https://registry.npmmirror.com/postcss/download/postcss-8.4.5.tgz"
    "version" "8.4.5"
    dependencies:
      "nanoid" "^3.1.30"
      "picocolors" "^1.0.0"
      "source-map-js" "^1.0.1"
  
  "prop-types@^15.7.2":
    "integrity" "sha512-oj87CgZICdulUohogVAR7AjlC0327U4el4L6eAvOqCeudMDVU0NThNaV+b9Df4dXgSP1gXMTnPdhfe/2qDH5cg=="
    "resolved" "https://registry.npmmirror.com/prop-types/download/prop-types-15.8.1.tgz"
    "version" "15.8.1"
    dependencies:
      "loose-envify" "^1.4.0"
      "object-assign" "^4.1.1"
      "react-is" "^16.13.1"
  
  "queue-microtask@^1.2.2":
    "integrity" "sha1-SSkii7xyTfrEPg77BYyve2z7YkM="
    "resolved" "https://registry.npm.taobao.org/queue-microtask/download/queue-microtask-1.2.3.tgz"
    "version" "1.2.3"
  
  "react-dom@^17.0.2", "react-dom@>=16.8":
    "integrity" "sha512-s4h96KtLDUQlsENhMn1ar8t2bEa+q/YAtj8pPPdIjPDGBDIVNsrD9aXNWqspUe6AzKCIG0C1HZZLqLV7qpOBGA=="
    "resolved" "https://registry.npmmirror.com/react-dom/download/react-dom-17.0.2.tgz"
    "version" "17.0.2"
    dependencies:
      "loose-envify" "^1.1.0"
      "object-assign" "^4.1.1"
      "scheduler" "^0.20.2"
  
  "react-is@^16.13.1":
    "integrity" "sha1-eJcppNw23imZ3BVt1sHZwYzqVqQ="
    "resolved" "https://registry.npmmirror.com/react-is/download/react-is-16.13.1.tgz"
    "version" "16.13.1"
  
  "react-is@^16.7.0":
    "integrity" "sha1-eJcppNw23imZ3BVt1sHZwYzqVqQ="
    "resolved" "https://registry.npmmirror.com/react-is/download/react-is-16.13.1.tgz"
    "version" "16.13.1"
  
  "react-is@^17.0.2":
    "integrity" "sha1-5pHUqOnHiTZWVVOas3J2Kw77VPA="
    "resolved" "https://registry.npmmirror.com/react-is/download/react-is-17.0.2.tgz"
    "version" "17.0.2"
  
  "react-query@^3.34.8":
    "integrity" "sha512-pl9e2VmVbgKf29Qn/WpmFVtB2g17JPqLLyOQg3GfSs/S2WABvip5xlT464vfXtilLPcJVg9bEHHlqmC38/nvDw=="
    "resolved" "https://registry.npmmirror.com/react-query/download/react-query-3.34.8.tgz"
    "version" "3.34.8"
    dependencies:
      "@babel/runtime" "^7.5.5"
      "broadcast-channel" "^3.4.1"
      "match-sorter" "^6.0.2"
  
  "react-redux@^7.2.6":
    "integrity" "sha512-10RPdsz0UUrRL1NZE0ejTkucnclYSgXp5q+tB5SWx2qeG2ZJQJyymgAhwKy73yiL/13btfB6fPr+rgbMAaZIAQ=="
    "resolved" "https://registry.npmmirror.com/react-redux/download/react-redux-7.2.6.tgz"
    "version" "7.2.6"
    dependencies:
      "@babel/runtime" "^7.15.4"
      "@types/react-redux" "^7.1.20"
      "hoist-non-react-statics" "^3.3.2"
      "loose-envify" "^1.4.0"
      "prop-types" "^15.7.2"
      "react-is" "^17.0.2"
  
  "react-refresh@^0.11.0":
    "integrity" "sha512-F27qZr8uUqwhWZboondsPx8tnC3Ct3SxZA3V5WyEvujRyyNv0VYPhoBg1gZ8/MV5tubQp76Trw8lTv9hzRBa+A=="
    "resolved" "https://registry.npmmirror.com/react-refresh/download/react-refresh-0.11.0.tgz"
    "version" "0.11.0"
  
  "react-router-dom@^6.2.1":
    "integrity" "sha512-I6Zax+/TH/cZMDpj3/4Fl2eaNdcvoxxHoH1tYOREsQ22OKDYofGebrNm6CTPUcvLvZm63NL/vzCYdjf9CUhqmA=="
    "resolved" "https://registry.npmmirror.com/react-router-dom/download/react-router-dom-6.2.1.tgz"
    "version" "6.2.1"
    dependencies:
      "history" "^5.2.0"
      "react-router" "6.2.1"
  
  "react-router@^6.2.1", "react-router@6.2.1":
    "integrity" "sha512-2fG0udBtxou9lXtK97eJeET2ki5//UWfQSl1rlJ7quwe6jrktK9FCCc8dQb5QY6jAv3jua8bBQRhhDOM/kVRsg=="
    "resolved" "https://registry.npmmirror.com/react-router/download/react-router-6.2.1.tgz"
    "version" "6.2.1"
    dependencies:
      "history" "^5.2.0"
  
  "react@^16.8.0 || ^17.0.0", "react@^16.8.0 || ^17.0.1", "react@^16.8.3 || ^17", "react@^16.8.6 || ^17.0", "react@^17.0.2", "react@>=16.8", "react@17.0.2":
    "integrity" "sha512-gnhPt75i/dq/z3/6q/0asP78D0u592D5L1pd7M8P+dck6Fu/jJeL6iVVK23fptSUZj8Vjf++7wXA8UNclGQcbA=="
    "resolved" "https://registry.npmmirror.com/react/download/react-17.0.2.tgz"
    "version" "17.0.2"
    dependencies:
      "loose-envify" "^1.1.0"
      "object-assign" "^4.1.1"
  
  "redux@^4.0.0", "redux@^4.1.2":
    "integrity" "sha512-SH8PglcebESbd/shgf6mii6EIoRM0zrQyjcuQ+ojmfxjTtE0z9Y8pa62iA/OJ58qjP6j27uyW4kUF4jl/jd6sw=="
    "resolved" "https://registry.npmmirror.com/redux/download/redux-4.1.2.tgz"
    "version" "4.1.2"
    dependencies:
      "@babel/runtime" "^7.9.2"
  
  "regenerator-runtime@^0.13.4":
    "integrity" "sha512-p3VT+cOEgxFsRRA9X4lkI1E+k2/CtnKtU4gcxyaCUreilL/vqI6CdZ3wxVUx3UOUg+gnUOQQcRI7BmSI656MYA=="
    "resolved" "https://registry.npmmirror.com/regenerator-runtime/download/regenerator-runtime-0.13.9.tgz"
    "version" "0.13.9"
  
  "remove-accents@0.4.2":
    "integrity" "sha1-CkPTqq4egNuRngeuJUsoXZ4ce7U="
    "resolved" "https://registry.npmmirror.com/remove-accents/download/remove-accents-0.4.2.tgz"
    "version" "0.4.2"
  
  "require-directory@^2.1.1":
    "integrity" "sha1-jGStX9MNqxyXbiNE/+f3kqam30I="
    "resolved" "https://registry.nlark.com/require-directory/download/require-directory-2.1.1.tgz"
    "version" "2.1.1"
  
  "resize-observer-polyfill@^1.5.1":
    "integrity" "sha1-DpAg3T0hAkRY1OvSfiPkAmmBBGQ="
    "resolved" "https://registry.nlark.com/resize-observer-polyfill/download/resize-observer-polyfill-1.5.1.tgz?cache=0&sync_timestamp=1618847256390&other_urls=https%3A%2F%2Fregistry.nlark.com%2Fresize-observer-polyfill%2Fdownload%2Fresize-observer-polyfill-1.5.1.tgz"
    "version" "1.5.1"
  
  "resolve@^1.20.0":
    "integrity" "sha512-3wCbTpk5WJlyE4mSOtDLhqQmGFi0/TD9VPwmiolnk8U0wRgMEktqCXd3vy5buTO3tljvalNvKrjHEfrd2WpEKA=="
    "resolved" "https://registry.npmmirror.com/resolve/download/resolve-1.21.0.tgz"
    "version" "1.21.0"
    dependencies:
      "is-core-module" "^2.8.0"
      "path-parse" "^1.0.7"
      "supports-preserve-symlinks-flag" "^1.0.0"
  
  "reusify@^1.0.4":
    "integrity" "sha1-kNo4Kx4SbvwCFG6QhFqI2xKSXXY="
    "resolved" "https://registry.npm.taobao.org/reusify/download/reusify-1.0.4.tgz"
    "version" "1.0.4"
  
  "rimraf@3.0.2":
    "integrity" "sha1-8aVAK6YiCtUswSgrrBrjqkn9Bho="
    "resolved" "https://registry.npmmirror.com/rimraf/download/rimraf-3.0.2.tgz"
    "version" "3.0.2"
    dependencies:
      "glob" "^7.1.3"
  
  "rollup-plugin-visualizer@^5.5.4":
    "integrity" "sha512-CJQFUuZ75S1daGEkk62UH7lL6UFCoP86Sn/iz4gXBdamdwFeD5nPGCHHXfXCrly/wNgQOYTH7cdcxk4+OG3Xjw=="
    "resolved" "https://registry.npmmirror.com/rollup-plugin-visualizer/download/rollup-plugin-visualizer-5.5.4.tgz"
    "version" "5.5.4"
    dependencies:
      "nanoid" "^3.1.32"
      "open" "^8.4.0"
      "source-map" "^0.7.3"
      "yargs" "^17.3.1"
  
  "rollup@^2.0.0", "rollup@^2.59.0":
    "integrity" "sha512-+c+lbw1lexBKSMb1yxGDVfJ+vchJH3qLbmavR+awDinTDA2C5Ug9u7lkOzj62SCu0PKUExsW36tpgW7Fmpn3yQ=="
    "resolved" "https://registry.npmmirror.com/rollup/download/rollup-2.64.0.tgz"
    "version" "2.64.0"
    optionalDependencies:
      "fsevents" "~2.3.2"
  
  "run-parallel@^1.1.9":
    "integrity" "sha1-ZtE2jae9+SHrnZW9GpIp5/IaQ+4="
    "resolved" "https://registry.npm.taobao.org/run-parallel/download/run-parallel-1.2.0.tgz"
    "version" "1.2.0"
    dependencies:
      "queue-microtask" "^1.2.2"
  
  "safe-buffer@~5.1.1":
    "integrity" "sha1-mR7GnSluAxN0fVm9/St0XDX4go0="
    "resolved" "https://registry.nlark.com/safe-buffer/download/safe-buffer-5.1.2.tgz?cache=0&sync_timestamp=1618847044058&other_urls=https%3A%2F%2Fregistry.nlark.com%2Fsafe-buffer%2Fdownload%2Fsafe-buffer-5.1.2.tgz"
    "version" "5.1.2"
  
  "scheduler@^0.20.2":
    "integrity" "sha1-S67jlDbjSqk7SHS93L8P6Li1DpE="
    "resolved" "https://registry.npmmirror.com/scheduler/download/scheduler-0.20.2.tgz"
    "version" "0.20.2"
    dependencies:
      "loose-envify" "^1.1.0"
      "object-assign" "^4.1.1"
  
  "screenfull@^5.0.0":
    "integrity" "sha512-9BakfsO2aUQN2K9Fdbj87RJIEZ82Q9IGim7FqM5OsebfoFC6ZHXgDq/KvniuLTPdeM8wY2o6Dj3WQ7KeQCj3cA=="
    "resolved" "https://registry.npmmirror.com/screenfull/download/screenfull-5.2.0.tgz"
    "version" "5.2.0"
  
  "semver@^6.3.0":
    "integrity" "sha1-7gpkyK9ejO6mdoexM3YeG+y9HT0="
    "resolved" "https://registry.nlark.com/semver/download/semver-6.3.0.tgz"
    "version" "6.3.0"
  
  "sentence-case@^3.0.4":
    "integrity" "sha1-NkWnuMEXx4f96HAgViJbtipFEx8="
    "resolved" "https://registry.nlark.com/sentence-case/download/sentence-case-3.0.4.tgz"
    "version" "3.0.4"
    dependencies:
      "no-case" "^3.0.4"
      "tslib" "^2.0.3"
      "upper-case-first" "^2.0.2"
  
  "snake-case@^3.0.4":
    "integrity" "sha1-Tyu9Vo6ZNavf1ZPzTGkdrbScRSw="
    "resolved" "https://registry.nlark.com/snake-case/download/snake-case-3.0.4.tgz"
    "version" "3.0.4"
    dependencies:
      "dot-case" "^3.0.4"
      "tslib" "^2.0.3"
  
  "source-map-js@^1.0.1":
    "integrity" "sha512-4+TN2b3tqOCd/kaGRJ/sTYA0tR0mdXx26ipdolxcwtJVqEnqNYvlCAt1q3ypy4QMlYus+Zh34RNtYLoq2oQ4IA=="
    "resolved" "https://registry.npmmirror.com/source-map-js/download/source-map-js-1.0.1.tgz?cache=0&sync_timestamp=1636400915509&other_urls=https%3A%2F%2Fregistry.npmmirror.com%2Fsource-map-js%2Fdownload%2Fsource-map-js-1.0.1.tgz"
    "version" "1.0.1"
  
  "source-map@^0.5.0":
    "integrity" "sha1-igOdLRAh0i0eoUyA2OpGi6LvP8w="
    "resolved" "https://registry.npm.taobao.org/source-map/download/source-map-0.5.7.tgz"
    "version" "0.5.7"
  
  "source-map@^0.7.3":
    "integrity" "sha1-UwL4FpAxc1ImVECS5kmB91F1A4M="
    "resolved" "https://registry.npm.taobao.org/source-map/download/source-map-0.7.3.tgz"
    "version" "0.7.3"
  
  "sourcemap-codec@^1.4.4":
    "integrity" "sha1-6oBL2UhXQC5pktBaOO8a41qatMQ="
    "resolved" "https://registry.nlark.com/sourcemap-codec/download/sourcemap-codec-1.4.8.tgz"
    "version" "1.4.8"
  
  "string-width@^4.1.0", "string-width@^4.2.0", "string-width@^4.2.3":
    "integrity" "sha1-JpxxF9J7Ba0uU2gwqOyJXvnG0BA="
    "resolved" "https://registry.npmmirror.com/string-width/download/string-width-4.2.3.tgz"
    "version" "4.2.3"
    dependencies:
      "emoji-regex" "^8.0.0"
      "is-fullwidth-code-point" "^3.0.0"
      "strip-ansi" "^6.0.1"
  
  "strip-ansi@^6.0.0", "strip-ansi@^6.0.1":
    "integrity" "sha1-nibGPTD1NEPpSJSVshBdN7Z6hdk="
    "resolved" "https://registry.npmmirror.com/strip-ansi/download/strip-ansi-6.0.1.tgz"
    "version" "6.0.1"
    dependencies:
      "ansi-regex" "^5.0.1"
  
  "supports-color@^5.3.0":
    "integrity" "sha1-4uaaRKyHcveKHsCzW2id9lMO/I8="
    "resolved" "https://registry.npmmirror.com/supports-color/download/supports-color-5.5.0.tgz"
    "version" "5.5.0"
    dependencies:
      "has-flag" "^3.0.0"
  
  "supports-preserve-symlinks-flag@^1.0.0":
    "integrity" "sha512-ot0WnXS9fgdkgIcePe6RHNk1WA8+muPa6cSjeR3V8K27q9BB1rTE3R1p7Hv0z1ZyAc8s6Vvv8DIyWf681MAt0w=="
    "resolved" "https://registry.npmmirror.com/supports-preserve-symlinks-flag/download/supports-preserve-symlinks-flag-1.0.0.tgz"
    "version" "1.0.0"
  
  "to-fast-properties@^2.0.0":
    "integrity" "sha1-3F5pjL0HkmW8c+A3doGk5Og/YW4="
    "resolved" "https://registry.nlark.com/to-fast-properties/download/to-fast-properties-2.0.0.tgz?cache=0&sync_timestamp=1628418893613&other_urls=https%3A%2F%2Fregistry.nlark.com%2Fto-fast-properties%2Fdownload%2Fto-fast-properties-2.0.0.tgz"
    "version" "2.0.0"
  
  "to-regex-range@^5.0.1":
    "integrity" "sha1-FkjESq58jZiKMmAY7XL1tN0DkuQ="
    "resolved" "https://registry.nlark.com/to-regex-range/download/to-regex-range-5.0.1.tgz"
    "version" "5.0.1"
    dependencies:
      "is-number" "^7.0.0"
  
  "tslib@^2.0.3":
    "integrity" "sha512-77EbyPPpMz+FRFRuAFlWMtmgUWGe9UOG2Z25NqCwiIjRhOf5iKGuzSe5P2w1laq+FkRy4p+PCuVkJSGkzTEKVw=="
    "resolved" "https://registry.npmmirror.com/tslib/download/tslib-2.3.1.tgz"
    "version" "2.3.1"
  
  "universalify@^2.0.0":
    "integrity" "sha1-daSYTv7cSwiXXFrrc/Uw0C3yVxc="
    "resolved" "https://registry.nlark.com/universalify/download/universalify-2.0.0.tgz"
    "version" "2.0.0"
  
  "unload@2.2.0":
    "integrity" "sha1-zMiP3K00X6oGqSA57A+AtIiIDvc="
    "resolved" "https://registry.npmmirror.com/unload/download/unload-2.2.0.tgz"
    "version" "2.2.0"
    dependencies:
      "@babel/runtime" "^7.6.2"
      "detect-node" "^2.0.4"
  
  "upper-case-first@^2.0.2":
    "integrity" "sha1-mSwyc/iCq9GdHgKJTMFHEX+EQyQ="
    "resolved" "https://registry.nlark.com/upper-case-first/download/upper-case-first-2.0.2.tgz"
    "version" "2.0.2"
    dependencies:
      "tslib" "^2.0.3"
  
  "upper-case@^2.0.2":
    "integrity" "sha1-2JgQgj+qsd8VSbfZenb4Ziuub3o="
    "resolved" "https://registry.nlark.com/upper-case/download/upper-case-2.0.2.tgz"
    "version" "2.0.2"
    dependencies:
      "tslib" "^2.0.3"
  
  "use-immer@^0.6.0":
    "integrity" "sha1-ymqlrekwGOLGXPEo0ZraVPwj9w0="
    "resolved" "https://registry.npmmirror.com/use-immer/download/use-immer-0.6.0.tgz"
    "version" "0.6.0"
  
  "vite-plugin-style-import@^1.4.1":
    "integrity" "sha512-lJCRvm7+So0hHdnSJiJPg9gD5mxtL6YY0jmhEph+k7ArpsyvqOh6han2kG5htbWWDZxHkUN9d1BuTFL//yCLLQ=="
    "resolved" "https://registry.npmmirror.com/vite-plugin-style-import/download/vite-plugin-style-import-1.4.1.tgz"
    "version" "1.4.1"
    dependencies:
      "@rollup/pluginutils" "^4.1.2"
      "change-case" "^4.1.2"
      "debug" "^4.3.3"
      "es-module-lexer" "^0.9.3"
      "fs-extra" "^10.0.0"
      "magic-string" "^0.25.7"
  
  "vite-plugin-windicss@^1.6.3":
    "integrity" "sha512-D4fEUcAPoLRLdDZMee8NrHZHmn0Qj7AjSg1xNGBnZsMTwRPj93NKZk0fIIUoiKTEh1KrdQejW8g6cg0SgGKTww=="
    "resolved" "https://registry.npmmirror.com/vite-plugin-windicss/download/vite-plugin-windicss-1.6.3.tgz"
    "version" "1.6.3"
    dependencies:
      "@windicss/plugin-utils" "1.6.3"
      "debug" "^4.3.3"
      "kolorist" "^1.5.1"
      "windicss" "^3.4.3"
  
  "vite@^2.0.1", "vite@^2.7.2", "vite@>=2.0.0":
    "integrity" "sha512-KvPYToRQWhRfBeVkyhkZ5hASuHQkqZUUdUcE3xyYtq5oYEPIJ0h9LWiWTO6v990glmSac2cEPeYeXzpX5Z6qKQ=="
    "resolved" "https://registry.npmmirror.com/vite/download/vite-2.7.12.tgz"
    "version" "2.7.12"
    dependencies:
      "esbuild" "^0.13.12"
      "postcss" "^8.4.5"
      "resolve" "^1.20.0"
      "rollup" "^2.59.0"
    optionalDependencies:
      "fsevents" "~2.3.2"
  
  "windicss@^3.4.3":
    "integrity" "sha512-UnugThsvEgy8RsPm4/B5DYMCAqvZzD6yWU7Anh+f07t5RSJ8zvmAylGLbXrHPJEmCKzo2Mf+fOUvISH7IJqM3A=="
    "resolved" "https://registry.npmmirror.com/windicss/download/windicss-3.4.3.tgz"
    "version" "3.4.3"
  
  "wrap-ansi@^7.0.0":
    "integrity" "sha1-Z+FFz/UQpqaYS98RUpEdadLrnkM="
    "resolved" "https://registry.nlark.com/wrap-ansi/download/wrap-ansi-7.0.0.tgz"
    "version" "7.0.0"
    dependencies:
      "ansi-styles" "^4.0.0"
      "string-width" "^4.1.0"
      "strip-ansi" "^6.0.0"
  
  "wrappy@1":
    "integrity" "sha1-tSQ9jz7BqjXxNkYFvA0QNuMKtp8="
    "resolved" "https://registry.nlark.com/wrappy/download/wrappy-1.0.2.tgz"
    "version" "1.0.2"
  
  "y18n@^5.0.5":
    "integrity" "sha1-f0k00PfKjFb5UxSTndzS3ZHOHVU="
    "resolved" "https://registry.npm.taobao.org/y18n/download/y18n-5.0.8.tgz"
    "version" "5.0.8"
  
  "yargs-parser@^21.0.0":
    "integrity" "sha512-z9kApYUOCwoeZ78rfRYYWdiU/iNL6mwwYlkkZfJoyMR1xps+NEBX5X7XmRpxkZHhXJ6+Ey00IwKxBBSW9FIjyA=="
    "resolved" "https://registry.npmmirror.com/yargs-parser/download/yargs-parser-21.0.0.tgz?cache=0&sync_timestamp=1637030983058&other_urls=https%3A%2F%2Fregistry.npmmirror.com%2Fyargs-parser%2Fdownload%2Fyargs-parser-21.0.0.tgz"
    "version" "21.0.0"
  
  "yargs@^17.3.1":
    "integrity" "sha512-WUANQeVgjLbNsEmGk20f+nlHgOqzRFpiGWVaBrYGYIGANIIu3lWjoyi0fNlFmJkvfhCZ6BXINe7/W2O2bV4iaA=="
    "resolved" "https://registry.npmmirror.com/yargs/download/yargs-17.3.1.tgz"
    "version" "17.3.1"
    dependencies:
      "cliui" "^7.0.2"
      "escalade" "^3.1.1"
      "get-caller-file" "^2.0.5"
      "require-directory" "^2.1.1"
      "string-width" "^4.2.3"
      "y18n" "^5.0.5"
      "yargs-parser" "^21.0.0"
